<?xml version="1.0" encoding="UTF-8"?>
<!-- Generated by org.testng.reporters.JUnitXMLReporter -->
<testsuite ignored="0" hostname="DESKTOP-QBF8APR" failures="0" tests="7" name="my tests" time="22.341" errors="0" timestamp="2024-08-23T17:50:39 IST">
  <testcase classname="day42.OrangeHRM" name="open" time="16.768"/>
  <testcase classname="day42.OrangeHRM" name="logo" time="3.087"/>
  <testcase classname="day42.OrangeHRM" name="login" time="2.006"/>
  <testcase classname="day42.OrangeHRM" name="close" time="0.322"/>
  <testcase classname="day42.Firsttc" name="openapp" time="0.001"/>
  <testcase classname="day42.Firsttc" name="login" time="0.001"/>
  <testcase classname="day42.Firsttc" name="logout" time="0.001"/>
</testsuite> <!-- my tests -->
