<?xml version="1.0" encoding="UTF-8"?>
<!-- Generated by org.testng.reporters.JUnitXMLReporter -->
<testsuite ignored="6" hostname="DESKTOP-QBF8APR" failures="0" tests="2" name="groupingtests" time="0.187" errors="0" timestamp="2024-08-23T21:19:30 IST">
  <testcase classname="day44.PaymentTests" name="paymentinrs" time="0.054"/>
  <testcase classname="day44.PaymentTests" name="paymentindollars" time="0.002"/>
  <testcase classname="day44.LoginTests" name="loginByFacebook" time="0.0">
    <ignored/>
  </testcase> <!-- loginByFacebook -->
  <testcase classname="day44.LoginTests" name="loginByX" time="0.0">
    <ignored/>
  </testcase> <!-- loginByX -->
  <testcase classname="day44.SignUptests" name="signupByX" time="0.0">
    <ignored/>
  </testcase> <!-- signupByX -->
  <testcase classname="day44.LoginTests" name="loginByEmail" time="0.0">
    <ignored/>
  </testcase> <!-- loginByEmail -->
  <testcase classname="day44.SignUptests" name="signupByFacebook" time="0.0">
    <ignored/>
  </testcase> <!-- signupByFacebook -->
  <testcase classname="day44.SignUptests" name="signupByEmail" time="0.0">
    <ignored/>
  </testcase> <!-- signupByEmail -->
</testsuite> <!-- groupingtests -->
