<?xml version="1.0" encoding="UTF-8"?>
<!-- Generated by org.testng.reporters.JUnitXMLReporter -->
<testsuite ignored="0" hostname="DESKTOP-QBF8APR" failures="0" tests="3" name="EdgeTest" time="22.617" errors="0" timestamp="2024-08-24T14:55:15 IST">
  <testcase classname="day45.ParallelXMLDemo" name="testLogo" time="0.054"/>
  <testcase classname="day45.ParallelXMLDemo" name="testTitle" time="0.043"/>
  <testcase classname="day45.ParallelXMLDemo" name="testURL" time="0.009"/>
</testsuite> <!-- EdgeTest -->
