<?xml version="1.0" encoding="UTF-8"?>
<!-- Generated by org.testng.reporters.JUnitXMLReporter -->
<testsuite ignored="0" hostname="DESKTOP-QBF8APR" failures="1" tests="3" name="Test" time="20.925" errors="0" timestamp="2024-08-24T17:00:32 IST">
  <testcase classname="day46.Listner" name="testLogo" time="0.074"/>
  <testcase classname="day46.Listner" name="testURL" time="0.013">
    <failure type="java.lang.AssertionError" message="expected [https://www.orangehrm.com/] but found [https://opensource-demo.orangehrmlive.com/web/index.php/auth/login]">
      <![CDATA[java.lang.AssertionError: expected [https://www.orangehrm.com/] but found [https://opensource-demo.orangehrmlive.com/web/index.php/auth/login]
at day46.Listner.testURL(Listner.java:42)
at java.base/java.util.ArrayList.forEach(ArrayList.java:1511)
... Removed 33 stack frames]]>
    </failure>
  </testcase> <!-- testURL -->
  <testcase classname="day46.Listner" name="testHopepageTitle" time="0.0">
    <skipped/>
  </testcase> <!-- testHopepageTitle -->
</testsuite> <!-- Test -->
