<?xml version="1.0" encoding="UTF-8"?>
<testng-results ignored="0" total="1" passed="1" failed="0" skipped="0">
  <reporter-output>
  </reporter-output>
  <suite started-at="2024-08-24T21:02:32 IST" name="Default suite" finished-at="2024-08-24T21:03:13 IST" duration-ms="41137">
    <groups>
    </groups>
    <test started-at="2024-08-24T21:02:32 IST" name="Default test" finished-at="2024-08-24T21:03:13 IST" duration-ms="41137">
      <class name="day47.LoginTest">
        <test-method is-config="true" signature="setup()[pri:0, instance:day47.LoginTest@4dbb42b7]" started-at="2024-08-24T21:02:32 IST" name="setup" finished-at="2024-08-24T21:03:09 IST" duration-ms="36879" status="PASS">
          <reporter-output>
          </reporter-output>
        </test-method> <!-- setup -->
        <test-method signature="testLogin()[pri:0, instance:day47.LoginTest@4dbb42b7]" started-at="2024-08-24T21:03:09 IST" name="testLogin" finished-at="2024-08-24T21:03:13 IST" duration-ms="3879" status="PASS">
          <reporter-output>
          </reporter-output>
        </test-method> <!-- testLogin -->
        <test-method is-config="true" signature="testDown()[pri:0, instance:day47.LoginTest@4dbb42b7]" started-at="2024-08-24T21:03:13 IST" name="testDown" finished-at="2024-08-24T21:03:13 IST" duration-ms="219" status="PASS">
          <reporter-output>
          </reporter-output>
        </test-method> <!-- testDown -->
      </class> <!-- day47.LoginTest -->
    </test> <!-- Default test -->
  </suite> <!-- Default suite -->
</testng-results>
